This is pdfTeX, Version 3.1415926-2.4-1.40.13 (TeX Live 2012) (format=pdflatex 2013.5.14)  7 MAY 2015 16:19
entering extended mode
 restricted \write18 enabled.
 %&-line parsing enabled.
**sjpipeline
(./sjpipeline.tex
LaTeX2e <2011/06/27>
Babel <v3.8m> and hyphenation patterns for english, dumylang, nohyphenation, ge
rman-x-2012-05-30, ngerman-x-2012-05-30, afrikaans, ancientgreek, ibycus, arabi
c, armenian, basque, bulgarian, catalan, pinyin, coptic, croatian, czech, danis
h, dutch, ukenglish, usenglishmax, esperanto, estonian, ethiopic, farsi, finnis
h, french, friulan, galician, german, ngerman, swissgerman, monogreek, greek, h
ungarian, icelandic, assamese, bengali, gujarati, hindi, kannada, malayalam, ma
rathi, oriya, panjabi, tamil, telugu, indonesian, interlingua, irish, italian, 
kurmanji, latin, latvian, lithuanian, mongolian, mongolianlmc, bokmal, nynorsk,
 piedmontese, polish, portuguese, romanian, romansh, russian, sanskrit, serbian
, serbianc, slovak, slovenian, spanish, swedish, turkish, turkmen, ukrainian, u
ppersorbian, welsh, loaded.
(/nfs/software/rg/el6.3/texlive/2012/texmf-dist/tex/latex/base/article.cls
Document Class: article 2007/10/19 v1.4h Standard LaTeX document class
(/nfs/software/rg/el6.3/texlive/2012/texmf-dist/tex/latex/base/size10.clo
File: size10.clo 2007/10/19 v1.4h Standard LaTeX file (size option)
)
\c@part=\count79
\c@section=\count80
\c@subsection=\count81
\c@subsubsection=\count82
\c@paragraph=\count83
\c@subparagraph=\count84
\c@figure=\count85
\c@table=\count86
\abovecaptionskip=\skip41
\belowcaptionskip=\skip42
\bibindent=\dimen102
)
(/nfs/software/rg/el6.3/texlive/2012/texmf-dist/tex/latex/pgf/frontendlayer/tik
z.sty
(/nfs/software/rg/el6.3/texlive/2012/texmf-dist/tex/latex/pgf/basiclayer/pgf.st
y
(/nfs/software/rg/el6.3/texlive/2012/texmf-dist/tex/latex/pgf/utilities/pgfrcs.
sty
(/nfs/software/rg/el6.3/texlive/2012/texmf-dist/tex/generic/pgf/utilities/pgfut
il-common.tex
\pgfutil@everybye=\toks14
)
(/nfs/software/rg/el6.3/texlive/2012/texmf-dist/tex/generic/pgf/utilities/pgfut
il-latex.def
\pgfutil@abb=\box26

(/nfs/software/rg/el6.3/texlive/2012/texmf-dist/tex/latex/ms/everyshi.sty
Package: everyshi 2001/05/15 v3.00 EveryShipout Package (MS)
))
(/nfs/software/rg/el6.3/texlive/2012/texmf-dist/tex/generic/pgf/utilities/pgfrc
s.code.tex
Package: pgfrcs 2010/10/25 v2.10 (rcs-revision 1.24)
))
Package: pgf 2008/01/15 v2.10 (rcs-revision 1.12)

(/nfs/software/rg/el6.3/texlive/2012/texmf-dist/tex/latex/pgf/basiclayer/pgfcor
e.sty
(/nfs/software/rg/el6.3/texlive/2012/texmf-dist/tex/latex/graphics/graphicx.sty
Package: graphicx 1999/02/16 v1.0f Enhanced LaTeX Graphics (DPC,SPQR)
(/nfs/software/rg/el6.3/texlive/2012/texmf-dist/tex/latex/graphics/keyval.sty
Package: keyval 1999/03/16 v1.13 key=value parser (DPC)
\KV@toks@=\toks15
)
(/nfs/software/rg/el6.3/texlive/2012/texmf-dist/tex/latex/graphics/graphics.sty
Package: graphics 2009/02/05 v1.0o Standard LaTeX Graphics (DPC,SPQR)
(/nfs/software/rg/el6.3/texlive/2012/texmf-dist/tex/latex/graphics/trig.sty
Package: trig 1999/03/16 v1.09 sin cos tan (DPC)
)
(/nfs/software/rg/el6.3/texlive/2012/texmf-dist/tex/latex/latexconfig/graphics.
cfg
File: graphics.cfg 2010/04/23 v1.9 graphics configuration of TeX Live
)
Package graphics Info: Driver file: pdftex.def on input line 91.

(/nfs/software/rg/el6.3/texlive/2012/texmf-dist/tex/latex/pdftex-def/pdftex.def
File: pdftex.def 2011/05/27 v0.06d Graphics/color for pdfTeX

(/nfs/software/rg/el6.3/texlive/2012/texmf-dist/tex/generic/oberdiek/infwarerr.
sty
Package: infwarerr 2010/04/08 v1.3 Providing info/warning/error messages (HO)
)
(/nfs/software/rg/el6.3/texlive/2012/texmf-dist/tex/generic/oberdiek/ltxcmds.st
y
Package: ltxcmds 2011/11/09 v1.22 LaTeX kernel commands for general use (HO)
)
\Gread@gobject=\count87
))
\Gin@req@height=\dimen103
\Gin@req@width=\dimen104
)
(/nfs/software/rg/el6.3/texlive/2012/texmf-dist/tex/latex/pgf/systemlayer/pgfsy
s.sty
(/nfs/software/rg/el6.3/texlive/2012/texmf-dist/tex/generic/pgf/systemlayer/pgf
sys.code.tex
Package: pgfsys 2010/06/30 v2.10 (rcs-revision 1.37)

(/nfs/software/rg/el6.3/texlive/2012/texmf-dist/tex/generic/pgf/utilities/pgfke
ys.code.tex
\pgfkeys@pathtoks=\toks16
\pgfkeys@temptoks=\toks17

(/nfs/software/rg/el6.3/texlive/2012/texmf-dist/tex/generic/pgf/utilities/pgfke
ysfiltered.code.tex
\pgfkeys@tmptoks=\toks18
))
\pgf@x=\dimen105
\pgf@y=\dimen106
\pgf@xa=\dimen107
\pgf@ya=\dimen108
\pgf@xb=\dimen109
\pgf@yb=\dimen110
\pgf@xc=\dimen111
\pgf@yc=\dimen112
\w@pgf@writea=\write3
\r@pgf@reada=\read1
\c@pgf@counta=\count88
\c@pgf@countb=\count89
\c@pgf@countc=\count90
\c@pgf@countd=\count91

(/nfs/software/rg/el6.3/texlive/2012/texmf-dist/tex/generic/pgf/systemlayer/pgf
.cfg
File: pgf.cfg 2008/05/14  (rcs-revision 1.7)
)
Package pgfsys Info: Driver file for pgf: pgfsys-pdftex.def on input line 900.

(/nfs/software/rg/el6.3/texlive/2012/texmf-dist/tex/generic/pgf/systemlayer/pgf
sys-pdftex.def
File: pgfsys-pdftex.def 2009/05/22  (rcs-revision 1.26)

(/nfs/software/rg/el6.3/texlive/2012/texmf-dist/tex/generic/pgf/systemlayer/pgf
sys-common-pdf.def
File: pgfsys-common-pdf.def 2008/05/19  (rcs-revision 1.10)
)))
(/nfs/software/rg/el6.3/texlive/2012/texmf-dist/tex/generic/pgf/systemlayer/pgf
syssoftpath.code.tex
File: pgfsyssoftpath.code.tex 2008/07/18  (rcs-revision 1.7)
\pgfsyssoftpath@smallbuffer@items=\count92
\pgfsyssoftpath@bigbuffer@items=\count93
)
(/nfs/software/rg/el6.3/texlive/2012/texmf-dist/tex/generic/pgf/systemlayer/pgf
sysprotocol.code.tex
File: pgfsysprotocol.code.tex 2006/10/16  (rcs-revision 1.4)
))
(/nfs/software/rg/el6.3/texlive/2012/texmf-dist/tex/latex/xcolor/xcolor.sty
Package: xcolor 2007/01/21 v2.11 LaTeX color extensions (UK)

(/nfs/software/rg/el6.3/texlive/2012/texmf-dist/tex/latex/latexconfig/color.cfg
File: color.cfg 2007/01/18 v1.5 color configuration of teTeX/TeXLive
)
Package xcolor Info: Driver file: pdftex.def on input line 225.
Package xcolor Info: Model `cmy' substituted by `cmy0' on input line 1337.
Package xcolor Info: Model `hsb' substituted by `rgb' on input line 1341.
Package xcolor Info: Model `RGB' extended on input line 1353.
Package xcolor Info: Model `HTML' substituted by `rgb' on input line 1355.
Package xcolor Info: Model `Hsb' substituted by `hsb' on input line 1356.
Package xcolor Info: Model `tHsb' substituted by `hsb' on input line 1357.
Package xcolor Info: Model `HSB' substituted by `hsb' on input line 1358.
Package xcolor Info: Model `Gray' substituted by `gray' on input line 1359.
Package xcolor Info: Model `wave' substituted by `hsb' on input line 1360.
)
(/nfs/software/rg/el6.3/texlive/2012/texmf-dist/tex/generic/pgf/basiclayer/pgfc
ore.code.tex
Package: pgfcore 2010/04/11 v2.10 (rcs-revision 1.7)

(/nfs/software/rg/el6.3/texlive/2012/texmf-dist/tex/generic/pgf/math/pgfmath.co
de.tex
(/nfs/software/rg/el6.3/texlive/2012/texmf-dist/tex/generic/pgf/math/pgfmathcal
c.code.tex
(/nfs/software/rg/el6.3/texlive/2012/texmf-dist/tex/generic/pgf/math/pgfmathuti
l.code.tex)
(/nfs/software/rg/el6.3/texlive/2012/texmf-dist/tex/generic/pgf/math/pgfmathpar
ser.code.tex
\pgfmath@dimen=\dimen113
\pgfmath@count=\count94
\pgfmath@box=\box27
\pgfmath@toks=\toks19
\pgfmath@stack@operand=\toks20
\pgfmath@stack@operation=\toks21
)
(/nfs/software/rg/el6.3/texlive/2012/texmf-dist/tex/generic/pgf/math/pgfmathfun
ctions.code.tex
(/nfs/software/rg/el6.3/texlive/2012/texmf-dist/tex/generic/pgf/math/pgfmathfun
ctions.basic.code.tex)
(/nfs/software/rg/el6.3/texlive/2012/texmf-dist/tex/generic/pgf/math/pgfmathfun
ctions.trigonometric.code.tex)
(/nfs/software/rg/el6.3/texlive/2012/texmf-dist/tex/generic/pgf/math/pgfmathfun
ctions.random.code.tex)
(/nfs/software/rg/el6.3/texlive/2012/texmf-dist/tex/generic/pgf/math/pgfmathfun
ctions.comparison.code.tex)
(/nfs/software/rg/el6.3/texlive/2012/texmf-dist/tex/generic/pgf/math/pgfmathfun
ctions.base.code.tex)
(/nfs/software/rg/el6.3/texlive/2012/texmf-dist/tex/generic/pgf/math/pgfmathfun
ctions.round.code.tex)
(/nfs/software/rg/el6.3/texlive/2012/texmf-dist/tex/generic/pgf/math/pgfmathfun
ctions.misc.code.tex)))
(/nfs/software/rg/el6.3/texlive/2012/texmf-dist/tex/generic/pgf/math/pgfmathflo
at.code.tex
\c@pgfmathroundto@lastzeros=\count95
))
(/nfs/software/rg/el6.3/texlive/2012/texmf-dist/tex/generic/pgf/basiclayer/pgfc
orepoints.code.tex
File: pgfcorepoints.code.tex 2010/04/09  (rcs-revision 1.20)
\pgf@picminx=\dimen114
\pgf@picmaxx=\dimen115
\pgf@picminy=\dimen116
\pgf@picmaxy=\dimen117
\pgf@pathminx=\dimen118
\pgf@pathmaxx=\dimen119
\pgf@pathminy=\dimen120
\pgf@pathmaxy=\dimen121
\pgf@xx=\dimen122
\pgf@xy=\dimen123
\pgf@yx=\dimen124
\pgf@yy=\dimen125
\pgf@zx=\dimen126
\pgf@zy=\dimen127
)
(/nfs/software/rg/el6.3/texlive/2012/texmf-dist/tex/generic/pgf/basiclayer/pgfc
orepathconstruct.code.tex
File: pgfcorepathconstruct.code.tex 2010/08/03  (rcs-revision 1.24)
\pgf@path@lastx=\dimen128
\pgf@path@lasty=\dimen129
)
(/nfs/software/rg/el6.3/texlive/2012/texmf-dist/tex/generic/pgf/basiclayer/pgfc
orepathusage.code.tex
File: pgfcorepathusage.code.tex 2008/04/22  (rcs-revision 1.12)
\pgf@shorten@end@additional=\dimen130
\pgf@shorten@start@additional=\dimen131
)
(/nfs/software/rg/el6.3/texlive/2012/texmf-dist/tex/generic/pgf/basiclayer/pgfc
orescopes.code.tex
File: pgfcorescopes.code.tex 2010/09/08  (rcs-revision 1.34)
\pgfpic=\box28
\pgf@hbox=\box29
\pgf@layerbox@main=\box30
\pgf@picture@serial@count=\count96
)
(/nfs/software/rg/el6.3/texlive/2012/texmf-dist/tex/generic/pgf/basiclayer/pgfc
oregraphicstate.code.tex
File: pgfcoregraphicstate.code.tex 2008/04/22  (rcs-revision 1.9)
\pgflinewidth=\dimen132
)
(/nfs/software/rg/el6.3/texlive/2012/texmf-dist/tex/generic/pgf/basiclayer/pgfc
oretransformations.code.tex
File: pgfcoretransformations.code.tex 2009/06/10  (rcs-revision 1.11)
\pgf@pt@x=\dimen133
\pgf@pt@y=\dimen134
\pgf@pt@temp=\dimen135
)
(/nfs/software/rg/el6.3/texlive/2012/texmf-dist/tex/generic/pgf/basiclayer/pgfc
orequick.code.tex
File: pgfcorequick.code.tex 2008/10/09  (rcs-revision 1.3)
)
(/nfs/software/rg/el6.3/texlive/2012/texmf-dist/tex/generic/pgf/basiclayer/pgfc
oreobjects.code.tex
File: pgfcoreobjects.code.tex 2006/10/11  (rcs-revision 1.2)
)
(/nfs/software/rg/el6.3/texlive/2012/texmf-dist/tex/generic/pgf/basiclayer/pgfc
orepathprocessing.code.tex
File: pgfcorepathprocessing.code.tex 2008/10/09  (rcs-revision 1.8)
)
(/nfs/software/rg/el6.3/texlive/2012/texmf-dist/tex/generic/pgf/basiclayer/pgfc
orearrows.code.tex
File: pgfcorearrows.code.tex 2008/04/23  (rcs-revision 1.11)
)
(/nfs/software/rg/el6.3/texlive/2012/texmf-dist/tex/generic/pgf/basiclayer/pgfc
oreshade.code.tex
File: pgfcoreshade.code.tex 2008/11/23  (rcs-revision 1.13)
\pgf@max=\dimen136
\pgf@sys@shading@range@num=\count97
)
(/nfs/software/rg/el6.3/texlive/2012/texmf-dist/tex/generic/pgf/basiclayer/pgfc
oreimage.code.tex
File: pgfcoreimage.code.tex 2010/03/25  (rcs-revision 1.16)

(/nfs/software/rg/el6.3/texlive/2012/texmf-dist/tex/generic/pgf/basiclayer/pgfc
oreexternal.code.tex
File: pgfcoreexternal.code.tex 2010/09/01  (rcs-revision 1.17)
\pgfexternal@startupbox=\box31
))
(/nfs/software/rg/el6.3/texlive/2012/texmf-dist/tex/generic/pgf/basiclayer/pgfc
orelayers.code.tex
File: pgfcorelayers.code.tex 2010/08/27  (rcs-revision 1.2)
)
(/nfs/software/rg/el6.3/texlive/2012/texmf-dist/tex/generic/pgf/basiclayer/pgfc
oretransparency.code.tex
File: pgfcoretransparency.code.tex 2008/01/17  (rcs-revision 1.2)
)
(/nfs/software/rg/el6.3/texlive/2012/texmf-dist/tex/generic/pgf/basiclayer/pgfc
orepatterns.code.tex
File: pgfcorepatterns.code.tex 2009/07/02  (rcs-revision 1.3)
)))
(/nfs/software/rg/el6.3/texlive/2012/texmf-dist/tex/generic/pgf/modules/pgfmodu
leshapes.code.tex
File: pgfmoduleshapes.code.tex 2010/09/09  (rcs-revision 1.13)
\pgfnodeparttextbox=\box32
)
(/nfs/software/rg/el6.3/texlive/2012/texmf-dist/tex/generic/pgf/modules/pgfmodu
leplot.code.tex
File: pgfmoduleplot.code.tex 2010/10/22  (rcs-revision 1.8)
)
(/nfs/software/rg/el6.3/texlive/2012/texmf-dist/tex/latex/pgf/compatibility/pgf
comp-version-0-65.sty
Package: pgfcomp-version-0-65 2007/07/03 v2.10 (rcs-revision 1.7)
\pgf@nodesepstart=\dimen137
\pgf@nodesepend=\dimen138
)
(/nfs/software/rg/el6.3/texlive/2012/texmf-dist/tex/latex/pgf/compatibility/pgf
comp-version-1-18.sty
Package: pgfcomp-version-1-18 2007/07/23 v2.10 (rcs-revision 1.1)
))
(/nfs/software/rg/el6.3/texlive/2012/texmf-dist/tex/latex/pgf/utilities/pgffor.
sty
(/nfs/software/rg/el6.3/texlive/2012/texmf-dist/tex/latex/pgf/utilities/pgfkeys
.sty
(/nfs/software/rg/el6.3/texlive/2012/texmf-dist/tex/generic/pgf/utilities/pgfke
ys.code.tex))
(/nfs/software/rg/el6.3/texlive/2012/texmf-dist/tex/generic/pgf/utilities/pgffo
r.code.tex
Package: pgffor 2010/03/23 v2.10 (rcs-revision 1.18)
\pgffor@iter=\dimen139
\pgffor@skip=\dimen140
\pgffor@stack=\toks22
\pgffor@toks=\toks23
))
(/nfs/software/rg/el6.3/texlive/2012/texmf-dist/tex/generic/pgf/frontendlayer/t
ikz/tikz.code.tex
Package: tikz 2010/10/13 v2.10 (rcs-revision 1.76)

(/nfs/software/rg/el6.3/texlive/2012/texmf-dist/tex/generic/pgf/libraries/pgfli
braryplothandlers.code.tex
File: pgflibraryplothandlers.code.tex 2010/05/31 v2.10 (rcs-revision 1.15)
\pgf@plot@mark@count=\count98
\pgfplotmarksize=\dimen141
)
\tikz@lastx=\dimen142
\tikz@lasty=\dimen143
\tikz@lastxsaved=\dimen144
\tikz@lastysaved=\dimen145
\tikzleveldistance=\dimen146
\tikzsiblingdistance=\dimen147
\tikz@figbox=\box33
\tikz@tempbox=\box34
\tikztreelevel=\count99
\tikznumberofchildren=\count100
\tikznumberofcurrentchild=\count101
\tikz@fig@count=\count102

(/nfs/software/rg/el6.3/texlive/2012/texmf-dist/tex/generic/pgf/modules/pgfmodu
lematrix.code.tex
File: pgfmodulematrix.code.tex 2010/08/24  (rcs-revision 1.4)
\pgfmatrixcurrentrow=\count103
\pgfmatrixcurrentcolumn=\count104
\pgf@matrix@numberofcolumns=\count105
)
\tikz@expandcount=\count106

(/nfs/software/rg/el6.3/texlive/2012/texmf-dist/tex/generic/pgf/frontendlayer/t
ikz/libraries/tikzlibrarytopaths.code.tex
File: tikzlibrarytopaths.code.tex 2008/06/17 v2.10 (rcs-revision 1.2)
)))
(/nfs/software/rg/el6.3/texlive/2012/texmf-dist/tex/latex/tools/array.sty
Package: array 2008/09/09 v2.4c Tabular extension package (FMi)
\col@sep=\dimen148
\extrarowheight=\dimen149
\NC@list=\toks24
\extratabsurround=\skip43
\backup@length=\skip44
)
(/nfs/software/rg/el6.3/texlive/2012/texmf-dist/tex/latex/graphics/lscape.sty
Package: lscape 2000/10/22 v3.01 Landscape Pages (DPC)
)
(/nfs/software/rg/el6.3/texlive/2012/texmf-dist/tex/latex/amsmath/amsmath.sty
Package: amsmath 2013/01/14 v2.14 AMS math features
\@mathmargin=\skip45

For additional information on amsmath, use the `?' option.
(/nfs/software/rg/el6.3/texlive/2012/texmf-dist/tex/latex/amsmath/amstext.sty
Package: amstext 2000/06/29 v2.01

(/nfs/software/rg/el6.3/texlive/2012/texmf-dist/tex/latex/amsmath/amsgen.sty
File: amsgen.sty 1999/11/30 v2.0
\@emptytoks=\toks25
\ex@=\dimen150
))
(/nfs/software/rg/el6.3/texlive/2012/texmf-dist/tex/latex/amsmath/amsbsy.sty
Package: amsbsy 1999/11/29 v1.2d
\pmbraise@=\dimen151
)
(/nfs/software/rg/el6.3/texlive/2012/texmf-dist/tex/latex/amsmath/amsopn.sty
Package: amsopn 1999/12/14 v2.01 operator names
)
\inf@bad=\count107
LaTeX Info: Redefining \frac on input line 210.
\uproot@=\count108
\leftroot@=\count109
LaTeX Info: Redefining \overline on input line 306.
\classnum@=\count110
\DOTSCASE@=\count111
LaTeX Info: Redefining \ldots on input line 378.
LaTeX Info: Redefining \dots on input line 381.
LaTeX Info: Redefining \cdots on input line 466.
\Mathstrutbox@=\box35
\strutbox@=\box36
\big@size=\dimen152
LaTeX Font Info:    Redeclaring font encoding OML on input line 566.
LaTeX Font Info:    Redeclaring font encoding OMS on input line 567.
\macc@depth=\count112
\c@MaxMatrixCols=\count113
\dotsspace@=\muskip10
\c@parentequation=\count114
\dspbrk@lvl=\count115
\tag@help=\toks26
\row@=\count116
\column@=\count117
\maxfields@=\count118
\andhelp@=\toks27
\eqnshift@=\dimen153
\alignsep@=\dimen154
\tagshift@=\dimen155
\tagwidth@=\dimen156
\totwidth@=\dimen157
\lineht@=\dimen158
\@envbody=\toks28
\multlinegap=\skip46
\multlinetaggap=\skip47
\mathdisplay@stack=\toks29
LaTeX Info: Redefining \[ on input line 2665.
LaTeX Info: Redefining \] on input line 2666.
)
(/nfs/software/rg/el6.3/texlive/2012/texmf-dist/tex/latex/multirow/multirow.sty
\bigstrutjot=\dimen159
)
(/nfs/software/rg/el6.3/texlive/2012/texmf-dist/tex/latex/hyperref/hyperref.sty
Package: hyperref 2012/11/06 v6.83m Hypertext links for LaTeX

(/nfs/software/rg/el6.3/texlive/2012/texmf-dist/tex/generic/oberdiek/hobsub-hyp
erref.sty
Package: hobsub-hyperref 2012/05/28 v1.13 Bundle oberdiek, subset hyperref (HO)


(/nfs/software/rg/el6.3/texlive/2012/texmf-dist/tex/generic/oberdiek/hobsub-gen
eric.sty
Package: hobsub-generic 2012/05/28 v1.13 Bundle oberdiek, subset generic (HO)
Package: hobsub 2012/05/28 v1.13 Construct package bundles (HO)
Package hobsub Info: Skipping package `infwarerr' (already loaded).
Package hobsub Info: Skipping package `ltxcmds' (already loaded).
Package: ifluatex 2010/03/01 v1.3 Provides the ifluatex switch (HO)
Package ifluatex Info: LuaTeX not detected.
Package: ifvtex 2010/03/01 v1.5 Detect VTeX and its facilities (HO)
Package ifvtex Info: VTeX not detected.
Package: intcalc 2007/09/27 v1.1 Expandable calculations with integers (HO)
Package: ifpdf 2011/01/30 v2.3 Provides the ifpdf switch (HO)
Package ifpdf Info: pdfTeX in PDF mode is detected.
Package: etexcmds 2011/02/16 v1.5 Avoid name clashes with e-TeX commands (HO)
Package etexcmds Info: Could not find \expanded.
(etexcmds)             That can mean that you are not using pdfTeX 1.50 or
(etexcmds)             that some package has redefined \expanded.
(etexcmds)             In the latter case, load this package earlier.
Package: kvsetkeys 2012/04/25 v1.16 Key value parser (HO)
Package: kvdefinekeys 2011/04/07 v1.3 Define keys (HO)
Package: pdftexcmds 2011/11/29 v0.20 Utility functions of pdfTeX for LuaTeX (HO
)
Package pdftexcmds Info: LuaTeX not detected.
Package pdftexcmds Info: \pdf@primitive is available.
Package pdftexcmds Info: \pdf@ifprimitive is available.
Package pdftexcmds Info: \pdfdraftmode found.
Package: pdfescape 2011/11/25 v1.13 Implements pdfTeX's escape features (HO)
Package: bigintcalc 2012/04/08 v1.3 Expandable calculations on big integers (HO
)
Package: bitset 2011/01/30 v1.1 Handle bit-vector datatype (HO)
Package: uniquecounter 2011/01/30 v1.2 Provide unlimited unique counter (HO)
)
Package hobsub Info: Skipping package `hobsub' (already loaded).
Package: letltxmacro 2010/09/02 v1.4 Let assignment for LaTeX macros (HO)
Package: hopatch 2012/05/28 v1.2 Wrapper for package hooks (HO)
Package: xcolor-patch 2011/01/30 xcolor patch
Package: atveryend 2011/06/30 v1.8 Hooks at the very end of document (HO)
Package atveryend Info: \enddocument detected (standard20110627).
Package: atbegshi 2011/10/05 v1.16 At begin shipout hook (HO)
Package: refcount 2011/10/16 v3.4 Data extraction from label references (HO)
Package: hycolor 2011/01/30 v1.7 Color options for hyperref/bookmark (HO)
)
(/nfs/software/rg/el6.3/texlive/2012/texmf-dist/tex/generic/ifxetex/ifxetex.sty
Package: ifxetex 2010/09/12 v0.6 Provides ifxetex conditional
)
(/nfs/software/rg/el6.3/texlive/2012/texmf-dist/tex/latex/oberdiek/auxhook.sty
Package: auxhook 2011/03/04 v1.3 Hooks for auxiliary files (HO)
)
(/nfs/software/rg/el6.3/texlive/2012/texmf-dist/tex/latex/oberdiek/kvoptions.st
y
Package: kvoptions 2011/06/30 v3.11 Key value format for package options (HO)
)
\@linkdim=\dimen160
\Hy@linkcounter=\count119
\Hy@pagecounter=\count120

(/nfs/software/rg/el6.3/texlive/2012/texmf-dist/tex/latex/hyperref/pd1enc.def
File: pd1enc.def 2012/11/06 v6.83m Hyperref: PDFDocEncoding definition (HO)
)
\Hy@SavedSpaceFactor=\count121

(/nfs/software/rg/el6.3/texlive/2012/texmf-dist/tex/latex/latexconfig/hyperref.
cfg
File: hyperref.cfg 2002/06/06 v1.2 hyperref configuration of TeXLive
)
Package hyperref Info: Hyper figures OFF on input line 4443.
Package hyperref Info: Link nesting OFF on input line 4448.
Package hyperref Info: Hyper index ON on input line 4451.
Package hyperref Info: Plain pages OFF on input line 4458.
Package hyperref Info: Backreferencing OFF on input line 4463.
Package hyperref Info: Implicit mode ON; LaTeX internals redefined.
Package hyperref Info: Bookmarks ON on input line 4688.
\c@Hy@tempcnt=\count122
 (/nfs/software/rg/el6.3/texlive/2012/texmf-dist/tex/latex/url/url.sty
\Urlmuskip=\muskip11
Package: url 2006/04/12  ver 3.3  Verb mode for urls, etc.
)
LaTeX Info: Redefining \url on input line 5041.
\XeTeXLinkMargin=\dimen161
\Fld@menulength=\count123
\Field@Width=\dimen162
\Fld@charsize=\dimen163
Package hyperref Info: Hyper figures OFF on input line 6295.
Package hyperref Info: Link nesting OFF on input line 6300.
Package hyperref Info: Hyper index ON on input line 6303.
Package hyperref Info: backreferencing OFF on input line 6310.
Package hyperref Info: Link coloring OFF on input line 6315.
Package hyperref Info: Link coloring with OCG OFF on input line 6320.
Package hyperref Info: PDF/A mode OFF on input line 6325.
LaTeX Info: Redefining \ref on input line 6365.
LaTeX Info: Redefining \pageref on input line 6369.
\Hy@abspage=\count124
\c@Item=\count125
\c@Hfootnote=\count126
)

Package hyperref Message: Driver (autodetected): hpdftex.

(/nfs/software/rg/el6.3/texlive/2012/texmf-dist/tex/latex/hyperref/hpdftex.def
File: hpdftex.def 2012/11/06 v6.83m Hyperref driver for pdfTeX
\Fld@listcount=\count127
\c@bookmark@seq@number=\count128

(/nfs/software/rg/el6.3/texlive/2012/texmf-dist/tex/latex/oberdiek/rerunfileche
ck.sty
Package: rerunfilecheck 2011/04/15 v1.7 Rerun checks for auxiliary files (HO)
Package uniquecounter Info: New unique counter `rerunfilecheck' on input line 2
82.
)
\Hy@SectionHShift=\skip48
)
(/nfs/software/rg/el6.3/texlive/2012/texmf-dist/tex/latex/subfig/subfig.sty
Package: subfig 2005/06/28 ver: 1.3 subfig package

(/nfs/software/rg/el6.3/texlive/2012/texmf-dist/tex/latex/caption/caption.sty
Package: caption 2013/02/03 v3.3-65 Customizing captions (AR)

(/nfs/software/rg/el6.3/texlive/2012/texmf-dist/tex/latex/caption/caption3.sty
Package: caption3 2013/02/03 v1.5-62 caption3 kernel (AR)
\captionmargin=\dimen164
\captionmargin@=\dimen165
\captionwidth=\dimen166
\caption@tempdima=\dimen167
\caption@indent=\dimen168
\caption@parindent=\dimen169
\caption@hangindent=\dimen170
)
\c@ContinuedFloat=\count129
Package caption Info: hyperref package is loaded.
)
\c@KVtest=\count130
\sf@farskip=\skip49
\sf@captopadj=\dimen171
\sf@capskip=\skip50
\sf@nearskip=\skip51
\c@subfigure=\count131
\c@subfigure@save=\count132
\c@lofdepth=\count133
\c@subtable=\count134
\c@subtable@save=\count135
\c@lotdepth=\count136
\sf@top=\skip52
\sf@bottom=\skip53
) (/nfs/software/rg/el6.3/texlive/2012/texmf-dist/tex/latex/soul/soul.sty
Package: soul 2003/11/17 v2.4 letterspacing/underlining (mf)
\SOUL@word=\toks30
\SOUL@lasttoken=\toks31
\SOUL@cmds=\toks32
\SOUL@buffer=\toks33
\SOUL@token=\toks34
\SOUL@spaceskip=\skip54
\SOUL@ttwidth=\dimen172
\SOUL@uldp=\dimen173
\SOUL@ulht=\dimen174
)
(/nfs/software/rg/el6.3/texlive/2012/texmf-dist/tex/latex/preprint/authblk.sty
Package: authblk 2009/11/18 1.3 (PWD)
\affilsep=\skip55
\@affilsep=\skip56
\c@Maxaffil=\count137
\c@authors=\count138
\c@affil=\count139
)
(/nfs/software/rg/el6.3/texlive/2012/texmf-dist/tex/generic/pgf/frontendlayer/t
ikz/libraries/tikzlibrarycalc.code.tex
File: tikzlibrarycalc.code.tex 2009/09/04 v2.10 (rcs-revision 1.6)
)
(/nfs/software/rg/el6.3/texlive/2012/texmf-dist/tex/generic/pgf/frontendlayer/t
ikz/libraries/tikzlibraryshapes.code.tex
File: tikzlibraryshapes.code.tex 2008/01/09 v2.10 (rcs-revision 1.1)

(/nfs/software/rg/el6.3/texlive/2012/texmf-dist/tex/generic/pgf/frontendlayer/t
ikz/libraries/tikzlibraryshapes.geometric.code.tex
File: tikzlibraryshapes.geometric.code.tex 2008/01/09 v2.10 (rcs-revision 1.1)

(/nfs/software/rg/el6.3/texlive/2012/texmf-dist/tex/generic/pgf/libraries/shape
s/pgflibraryshapes.geometric.code.tex
File: pgflibraryshapes.geometric.code.tex 2008/06/26 v2.10 (rcs-revision 1.1)
))
(/nfs/software/rg/el6.3/texlive/2012/texmf-dist/tex/generic/pgf/frontendlayer/t
ikz/libraries/tikzlibraryshapes.misc.code.tex
File: tikzlibraryshapes.misc.code.tex 2008/01/09 v2.10 (rcs-revision 1.1)

(/nfs/software/rg/el6.3/texlive/2012/texmf-dist/tex/generic/pgf/libraries/shape
s/pgflibraryshapes.misc.code.tex
File: pgflibraryshapes.misc.code.tex 2008/10/07 v2.10 (rcs-revision 1.3)
))
(/nfs/software/rg/el6.3/texlive/2012/texmf-dist/tex/generic/pgf/frontendlayer/t
ikz/libraries/tikzlibraryshapes.symbols.code.tex
File: tikzlibraryshapes.symbols.code.tex 2008/01/09 v2.10 (rcs-revision 1.1)

(/nfs/software/rg/el6.3/texlive/2012/texmf-dist/tex/generic/pgf/libraries/shape
s/pgflibraryshapes.symbols.code.tex
File: pgflibraryshapes.symbols.code.tex 2009/10/27 v2.10 (rcs-revision 1.3)
))
(/nfs/software/rg/el6.3/texlive/2012/texmf-dist/tex/generic/pgf/frontendlayer/t
ikz/libraries/tikzlibraryshapes.arrows.code.tex
File: tikzlibraryshapes.arrows.code.tex 2008/01/09 v2.10 (rcs-revision 1.1)

(/nfs/software/rg/el6.3/texlive/2012/texmf-dist/tex/generic/pgf/libraries/shape
s/pgflibraryshapes.arrows.code.tex
File: pgflibraryshapes.arrows.code.tex 2008/06/26 v2.10 (rcs-revision 1.1)
))
(/nfs/software/rg/el6.3/texlive/2012/texmf-dist/tex/generic/pgf/frontendlayer/t
ikz/libraries/tikzlibraryshapes.callouts.code.tex
(/nfs/software/rg/el6.3/texlive/2012/texmf-dist/tex/generic/pgf/libraries/shape
s/pgflibraryshapes.callouts.code.tex))
(/nfs/software/rg/el6.3/texlive/2012/texmf-dist/tex/generic/pgf/frontendlayer/t
ikz/libraries/tikzlibraryshapes.multipart.code.tex
File: tikzlibraryshapes.multipart.code.tex 2008/01/09 v2.10 (rcs-revision 1.1)

(/nfs/software/rg/el6.3/texlive/2012/texmf-dist/tex/generic/pgf/libraries/shape
s/pgflibraryshapes.multipart.code.tex
File: pgflibraryshapes.multipart.code.tex 2010/01/07 v2.10 (rcs-revision 1.2)
\pgfnodepartlowerbox=\box37
\pgfnodeparttwobox=\box38
\pgfnodepartthreebox=\box39
\pgfnodepartfourbox=\box40
\pgfnodeparttwentybox=\box41
\pgfnodepartnineteenbox=\box42
\pgfnodeparteighteenbox=\box43
\pgfnodepartseventeenbox=\box44
\pgfnodepartsixteenbox=\box45
\pgfnodepartfifteenbox=\box46
\pgfnodepartfourteenbox=\box47
\pgfnodepartthirteenbox=\box48
\pgfnodeparttwelvebox=\box49
\pgfnodepartelevenbox=\box50
\pgfnodeparttenbox=\box51
\pgfnodepartninebox=\box52
\pgfnodeparteightbox=\box53
\pgfnodepartsevenbox=\box54
\pgfnodepartsixbox=\box55
\pgfnodepartfivebox=\box56
)))
(/nfs/software/rg/el6.3/texlive/2012/texmf-dist/tex/generic/pgf/frontendlayer/t
ikz/libraries/tikzlibraryarrows.code.tex
File: tikzlibraryarrows.code.tex 2008/01/09 v2.10 (rcs-revision 1.1)

(/nfs/software/rg/el6.3/texlive/2012/texmf-dist/tex/generic/pgf/libraries/pgfli
braryarrows.code.tex
File: pgflibraryarrows.code.tex 2008/10/27 v2.10 (rcs-revision 1.9)
\arrowsize=\dimen175
))
(/nfs/software/rg/el6.3/texlive/2012/texmf-dist/tex/generic/pgf/frontendlayer/t
ikz/libraries/tikzlibrarypositioning.code.tex
File: tikzlibrarypositioning.code.tex 2008/10/06 v2.10 (rcs-revision 1.7)
) (./sjpipeline.aux)
\openout1 = `sjpipeline.aux'.

LaTeX Font Info:    Checking defaults for OML/cmm/m/it on input line 22.
LaTeX Font Info:    ... okay on input line 22.
LaTeX Font Info:    Checking defaults for T1/cmr/m/n on input line 22.
LaTeX Font Info:    ... okay on input line 22.
LaTeX Font Info:    Checking defaults for OT1/cmr/m/n on input line 22.
LaTeX Font Info:    ... okay on input line 22.
LaTeX Font Info:    Checking defaults for OMS/cmsy/m/n on input line 22.
LaTeX Font Info:    ... okay on input line 22.
LaTeX Font Info:    Checking defaults for OMX/cmex/m/n on input line 22.
LaTeX Font Info:    ... okay on input line 22.
LaTeX Font Info:    Checking defaults for U/cmr/m/n on input line 22.
LaTeX Font Info:    ... okay on input line 22.
LaTeX Font Info:    Checking defaults for PD1/pdf/m/n on input line 22.
LaTeX Font Info:    ... okay on input line 22.

ABD: EveryShipout initializing macros
(/nfs/software/rg/el6.3/texlive/2012/texmf-dist/tex/context/base/supp-pdf.mkii
[Loading MPS to PDF converter (version 2006.09.02).]
\scratchcounter=\count140
\scratchdimen=\dimen176
\scratchbox=\box57
\nofMPsegments=\count141
\nofMParguments=\count142
\everyMPshowfont=\toks35
\MPscratchCnt=\count143
\MPscratchDim=\dimen177
\MPnumerator=\count144
\makeMPintoPDFobject=\count145
\everyMPtoPDFconversion=\toks36
)
(/nfs/software/rg/el6.3/texlive/2012/texmf-dist/tex/latex/oberdiek/epstopdf-bas
e.sty
Package: epstopdf-base 2010/02/09 v2.5 Base part for package epstopdf

(/nfs/software/rg/el6.3/texlive/2012/texmf-dist/tex/latex/oberdiek/grfext.sty
Package: grfext 2010/08/19 v1.1 Manage graphics extensions (HO)
)
Package grfext Info: Graphics extension search list:
(grfext)             [.png,.pdf,.jpg,.mps,.jpeg,.jbig2,.jb2,.PNG,.PDF,.JPG,.JPE
G,.JBIG2,.JB2,.eps]
(grfext)             \AppendGraphicsExtensions on input line 452.

(/nfs/software/rg/el6.3/texlive/2012/texmf-dist/tex/latex/latexconfig/epstopdf-
sys.cfg
File: epstopdf-sys.cfg 2010/07/13 v1.3 Configuration of (r)epstopdf for TeX Liv
e
))
\AtBeginShipoutBox=\box58
Package hyperref Info: Link coloring OFF on input line 22.

(/nfs/software/rg/el6.3/texlive/2012/texmf-dist/tex/latex/hyperref/nameref.sty
Package: nameref 2012/10/27 v2.43 Cross-referencing by name of section

(/nfs/software/rg/el6.3/texlive/2012/texmf-dist/tex/generic/oberdiek/gettitlest
ring.sty
Package: gettitlestring 2010/12/03 v1.4 Cleanup title references (HO)
)
\c@section@level=\count146
)
LaTeX Info: Redefining \ref on input line 22.
LaTeX Info: Redefining \pageref on input line 22.
LaTeX Info: Redefining \nameref on input line 22.
 (./sjpipeline.out) (./sjpipeline.out)
\@outlinefile=\write4
\openout4 = `sjpipeline.out'.

Package caption Info: Begin \AtBeginDocument code.
Package caption Info: subfig package v1.3 is loaded.
Package caption Info: End \AtBeginDocument code.
 (./sjpipeline.toc [1

{/nfs/software/rg/el6.3/texlive/2012/texmf-var/fonts/map/pdftex/updmap/pdftex.m
ap}])
\tf@toc=\write5
\openout5 = `sjpipeline.toc'.


Overfull \hbox (9.5562pt too wide) in paragraph at lines 31--33
\OT1/cmr/m/n/10 This doc-u-ment con-tains the de-scrip-tion of the in-te-gra-ti
ve splic-ing anal-y-sis pipeline.
 []

<fig1_crop.pdf, id=139, 432.61626pt x 314.17375pt>
File: fig1_crop.pdf Graphic file (type pdf)
 <use fig1_crop.pdf>
Package pdftex.def Info: fig1_crop.pdf used on input line 59.
(pdftex.def)             Requested size: 345.0pt x 250.55313pt.
 [2]
Overfull \hbox (6.74693pt too wide) in paragraph at lines 92--92
[]\OT1/cmtt/m/n/10 Perl/make.pl -dir <dirname> -param <params> -by <attribute> 
-margin[] 
 []

[3 <./fig1_crop.pdf>]
Overfull \hbox (38.24666pt too wide) in paragraph at lines 92--92
[]\OT1/cmtt/m/n/10 -merge ..., the name of the output to merge in case if block
s are missing[] 
 []


Overfull \hbox (6.74693pt too wide) in paragraph at lines 92--92
[]\OT1/cmtt/m/n/10 -mincount ..., min number of counts for the denominator, def
ault=10[] 
 []


Overfull \hbox (64.49643pt too wide) in paragraph at lines 98--98
[]\OT1/cmtt/m/n/10 Perl/make.pl -repository input/ -dir output/ -group idrGroup
 -param '-read1 0'[] 
 []


Overfull \hbox (53.99652pt too wide) in paragraph at lines 98--98
[]\OT1/cmtt/m/n/10 -annot hg19v18.gff -genome homSap19 -merge pooled < example.
dat > example.mk[] 
 []

[4]
Overfull \hbox (27.74675pt too wide) in paragraph at lines 137--137
[]\OT1/cmtt/m/n/10 Perl/transcript_elements.pl -features transcript_id,source,p
osition:avg[] 
 []


Overfull \hbox (43.49661pt too wide) in paragraph at lines 146--146
[]\OT1/cmtt/m/n/10 Perl/transcript_elements.pl - < input.gtf | sort -k1,1 -k4,5
n > output.gff[] 
 []


Overfull \hbox (6.74693pt too wide) in paragraph at lines 158--158
[]\OT1/cmtt/m/n/10 transf -dir genome_directory/any.fa -dbx output.dbx -idx out
put.idx[] 
 []

[5]
Overfull \hbox (7.43471pt too wide) in paragraph at lines 163--164
[]\OT1/cmr/m/n/10 The \OT1/cmtt/m/it/10 getsegm \OT1/cmr/m/n/10 doesn't have to
 run on its own. In-stead, it is used in \OT1/cmtt/m/it/10 annotate.pl
 []


Overfull \hbox (43.49661pt too wide) in paragraph at lines 197--197
[]\OT1/cmtt/m/n/10 -gz, gzip output ('.gz' extension will *NOT* be added to out
put file name)[] 
 []


Overfull \hbox (17.24684pt too wide) in paragraph at lines 197--197
[]\OT1/cmtt/m/n/10 Output: -ssj: Splice Junction counts, tab-delimited  (defaul
t=stdout)[] 
 []

[6] [7] [8]
Underfull \hbox (badness 10000) in paragraph at lines 279--280

 []

[9] [10]
Overfull \hbox (1.49698pt too wide) in paragraph at lines 367--367
[]\OT1/cmtt/m/n/10 ...    ...   ...   ...   ...    ...   ...   ...   ...    ...
   ...[] 
 []


Overfull \hbox (6.74693pt too wide) in paragraph at lines 367--367
[]\OT1/cmtt/m/n/10 chr1   100   200   .     536    -     41    3     1.28   3  
   GTAG[] 
 []


Overfull \hbox (6.74693pt too wide) in paragraph at lines 367--367
[]\OT1/cmtt/m/n/10 chr1   150   200   .     439    +     21    2     1.01   0  
   GTAG[] 
 []


Overfull \hbox (1.49698pt too wide) in paragraph at lines 367--367
[]\OT1/cmtt/m/n/10 ...    ...   ...   ...   ...    ...   ...   ...   ...    ...
   ...[] 
 []

[11]
Overfull \hbox (6.74693pt too wide) in paragraph at lines 417--417
[]\OT1/cmtt/m/n/10 chr1 SJPIPE exon   15 87 10 - . cosi "0.93962"; exc "0"; inc
 "747";[] 
 []


Overfull \hbox (17.24684pt too wide) in paragraph at lines 417--417
[]\OT1/cmtt/m/n/10 chr1 SJPIPE intron 65 67 83 - . cosi3 "1"; cosi5 "1"; nA "0"
; nD "0";[] 
 []

[12]
Overfull \hbox (53.99652pt too wide) in paragraph at lines 451--451
[]\OT1/cmtt/m/n/10 Perl/merge_gff.pl -i <input_file1> <label_1> ... -i <input_f
ile_n> <label_n>[] 
 []

[13] <fig2_crop.pdf, id=223, 427.5975pt x 400.49625pt>
File: fig2_crop.pdf Graphic file (type pdf)
 <use fig2_crop.pdf>
Package pdftex.def Info: fig2_crop.pdf used on input line 475.
(pdftex.def)             Requested size: 172.5pt x 161.56453pt.

<fig3_crop.pdf, id=224, 442.65375pt x 399.4925pt>
File: fig3_crop.pdf Graphic file (type pdf)
 <use fig3_crop.pdf>
Package pdftex.def Info: fig3_crop.pdf used on input line 476.
(pdftex.def)             Requested size: 172.5pt x 155.67952pt.
 [14 <./fig2_crop.pdf> <./fig3_crop.pdf

pdfTeX warning: pdflatex (file ./fig3_crop.pdf): PDF inclusion: multiple pdfs w
ith page group included in a single page
>] (./sjpipeline.bbl)
Package atveryend Info: Empty hook `BeforeClearDocument' on input line 499.
 [15]
Package atveryend Info: Empty hook `AfterLastShipout' on input line 499.
 (./sjpipeline.aux)
Package atveryend Info: Executing hook `AtVeryEndDocument' on input line 499.
Package atveryend Info: Executing hook `AtEndAfterFileList' on input line 499.
Package rerunfilecheck Info: File `sjpipeline.out' has not changed.
(rerunfilecheck)             Checksum: E7B07B49FA958CF6FC231A5C8808913C;1839.
Package atveryend Info: Empty hook `AtVeryVeryEnd' on input line 499.
 ) 
Here is how much of TeX's memory you used:
 17457 strings out of 493481
 336553 string characters out of 3135826
 437289 words of memory out of 3000000
 20400 multiletter control sequences out of 15000+200000
 10365 words of font info for 38 fonts, out of 3000000 for 9000
 957 hyphenation exceptions out of 8191
 56i,11n,56p,414b,447s stack positions out of 5000i,500n,10000p,200000b,50000s
</nfs/software/rg/el6.3/texlive/2012/texmf-dist/fonts/type1/public/amsfonts/c
m/cmbx10.pfb></nfs/software/rg/el6.3/texlive/2012/texmf-dist/fonts/type1/public
/amsfonts/cm/cmbx12.pfb></nfs/software/rg/el6.3/texlive/2012/texmf-dist/fonts/t
ype1/public/amsfonts/cm/cmex10.pfb></nfs/software/rg/el6.3/texlive/2012/texmf-d
ist/fonts/type1/public/amsfonts/cm/cmitt10.pfb></nfs/software/rg/el6.3/texlive/
2012/texmf-dist/fonts/type1/public/amsfonts/cm/cmmi10.pfb></nfs/software/rg/el6
.3/texlive/2012/texmf-dist/fonts/type1/public/amsfonts/cm/cmmi7.pfb></nfs/softw
are/rg/el6.3/texlive/2012/texmf-dist/fonts/type1/public/amsfonts/cm/cmr10.pfb><
/nfs/software/rg/el6.3/texlive/2012/texmf-dist/fonts/type1/public/amsfonts/cm/c
mr12.pfb></nfs/software/rg/el6.3/texlive/2012/texmf-dist/fonts/type1/public/ams
fonts/cm/cmr17.pfb></nfs/software/rg/el6.3/texlive/2012/texmf-dist/fonts/type1/
public/amsfonts/cm/cmr7.pfb></nfs/software/rg/el6.3/texlive/2012/texmf-dist/fon
ts/type1/public/amsfonts/cm/cmr8.pfb></nfs/software/rg/el6.3/texlive/2012/texmf
-dist/fonts/type1/public/amsfonts/cm/cmsy10.pfb></nfs/software/rg/el6.3/texlive
/2012/texmf-dist/fonts/type1/public/amsfonts/cm/cmsy6.pfb></nfs/software/rg/el6
.3/texlive/2012/texmf-dist/fonts/type1/public/amsfonts/cm/cmsy7.pfb></nfs/softw
are/rg/el6.3/texlive/2012/texmf-dist/fonts/type1/public/amsfonts/cm/cmsy8.pfb><
/nfs/software/rg/el6.3/texlive/2012/texmf-dist/fonts/type1/public/amsfonts/cm/c
mti10.pfb></nfs/software/rg/el6.3/texlive/2012/texmf-dist/fonts/type1/public/am
sfonts/cm/cmti12.pfb></nfs/software/rg/el6.3/texlive/2012/texmf-dist/fonts/type
1/public/amsfonts/cm/cmtt10.pfb>
Output written on sjpipeline.pdf (15 pages, 343061 bytes).
PDF statistics:
 336 PDF objects out of 1000 (max. 8388607)
 283 compressed objects within 3 object streams
 46 named destinations out of 1000 (max. 500000)
 212 words of extra memory for PDF output out of 10000 (max. 10000000)

